C51 COMPILER V9.54   DELAY                                                                 09/20/2023 17:41:05 PAGE 1   


C51 COMPILER V9.54, COMPILATION OF MODULE DELAY
OBJECT MODULE PLACED IN .\Objects\Delay.obj
COMPILER INVOKED BY: D:\keil5\C51\BIN\C51.EXE Delay.c OPTIMIZE(8,SPEED) BROWSE DEBUG OBJECTEXTEND PRINT(.\Listings\Delay
                    -.lst) OBJECT(.\Objects\Delay.obj)

line level    source

   1          void Delay(unsigned char xms)           //@12MHz
   2          {
   3   1              unsigned char data i, j;
   4   1      
   5   1              while(xms)
   6   1              {
   7   2                      i = 2;
   8   2                      j = 239;
   9   2                      do
  10   2                      {
  11   3                              while (--j);
  12   3                      } while (--i);
  13   2                      xms--;
  14   2              };
  15   1      }


MODULE INFORMATION:   STATIC OVERLAYABLE
   CODE SIZE        =     15    ----
   CONSTANT SIZE    =   ----    ----
   XDATA SIZE       =   ----    ----
   PDATA SIZE       =   ----    ----
   DATA SIZE        =   ----    ----
   IDATA SIZE       =   ----    ----
   BIT SIZE         =   ----    ----
END OF MODULE INFORMATION.


C51 COMPILATION COMPLETE.  0 WARNING(S),  0 ERROR(S)
