C51 COMPILER V9.54   MAIN                                                                  09/20/2023 17:41:05 PAGE 1   


C51 COMPILER V9.54, COMPILATION OF MODULE MAIN
OBJECT MODULE PLACED IN .\Objects\main.obj
COMPILER INVOKED BY: D:\keil5\C51\BIN\C51.EXE main.c OPTIMIZE(8,SPEED) BROWSE DEBUG OBJECTEXTEND PRINT(.\Listings\main.l
                    -st) OBJECT(.\Objects\main.obj)

line level    source

   1          #include <REGX52.H>
   2          #include "Delay.h"
   3          #include "Uart.h"
*** WARNING C315 IN LINE 2 OF Uart.h: unknown #directive 'defend'
   4          
   5          
   6          
   7          int main()
   8          {
   9   1              UART_Init();
  10   1              while(1)
  11   1              {
  12   2                      
  13   2              }
  14   1      }
  15          
  16          void UART_Routine() interrupt 4
  17          {
  18   1              if(RI==1)
  19   1              {
  20   2                      P2=~SBUF;
  21   2                      UART_SendByte(SBUF);
  22   2                      RI=0;
  23   2              }
  24   1      }


MODULE INFORMATION:   STATIC OVERLAYABLE
   CODE SIZE        =     76    ----
   CONSTANT SIZE    =   ----    ----
   XDATA SIZE       =   ----    ----
   PDATA SIZE       =   ----    ----
   DATA SIZE        =   ----    ----
   IDATA SIZE       =   ----    ----
   BIT SIZE         =   ----    ----
END OF MODULE INFORMATION.


C51 COMPILATION COMPLETE.  1 WARNING(S),  0 ERROR(S)
