C51 COMPILER V9.54   UART                                                                  09/20/2023 17:41:05 PAGE 1   


C51 COMPILER V9.54, COMPILATION OF MODULE UART
OBJECT MODULE PLACED IN .\Objects\Uart.obj
COMPILER INVOKED BY: D:\keil5\C51\BIN\C51.EXE Uart.c OPTIMIZE(8,SPEED) BROWSE DEBUG OBJECTEXTEND PRINT(.\Listings\Uart.l
                    -st) OBJECT(.\Objects\Uart.obj)

line level    source

   1          
   2          #include <REGX52.H>
   3          
   4          /**
   5            * @brief  串口初始化，4800bps@11.0592MHz
   6            * @param  无
   7            * @retval 无
   8            */
   9          void UART_Init()        
  10          {
  11   1              SCON=0x50;          //改为可以接收
  12   1              PCON|= 0x80;
  13   1              TMOD &= 0x0F;           //设置定时器模式
  14   1              TMOD |= 0x20;           //设置定时器模式
  15   1              TL1 = 0xF4;             //设定定时初值
  16   1              TH1 = 0xF4;             //设定定时器重装值
  17   1              ET1 = 0;                //禁止定时器1中断
  18   1              TR1 = 1;                //启动定时器1
  19   1              EA=1;
  20   1              ES=1;
  21   1      }
  22          
  23          /**
  24            * @brief  串口发送一个字节数据
  25            * @param  Byte 要发送的一个字节数据
  26            * @retval 无
  27            */
  28          
  29          void UART_SendByte(unsigned char Byte)
  30          {
  31   1              SBUF=Byte;
  32   1              while(TI==0);
  33   1              TI=0;
  34   1      }


MODULE INFORMATION:   STATIC OVERLAYABLE
   CODE SIZE        =     35    ----
   CONSTANT SIZE    =   ----    ----
   XDATA SIZE       =   ----    ----
   PDATA SIZE       =   ----    ----
   DATA SIZE        =   ----    ----
   IDATA SIZE       =   ----    ----
   BIT SIZE         =   ----    ----
END OF MODULE INFORMATION.


C51 COMPILATION COMPLETE.  0 WARNING(S),  0 ERROR(S)
